<?xml version="1.0" encoding="UTF-8"?>
<testng-results ignored="0" total="1" passed="1" failed="0" skipped="0">
  <reporter-output>
  </reporter-output>
  <suite started-at="2022-09-24T23:49:41 ART" name="Default suite" finished-at="2022-09-24T23:49:52 ART" duration-ms="10895">
    <groups>
    </groups>
    <test started-at="2022-09-24T23:49:41 ART" name="Default test" finished-at="2022-09-24T23:49:52 ART" duration-ms="10895">
      <class name="ApplaudoQaAutomationTrainee.Maven.java.homework0401">
        <test-method signature="exercise_1()[pri:0, instance:ApplaudoQaAutomationTrainee.Maven.java.homework0401@7205765b]" started-at="2022-09-24T23:49:41 ART" name="exercise_1" finished-at="2022-09-24T23:49:52 ART" duration-ms="10853" status="PASS">
          <reporter-output>
          </reporter-output>
        </test-method> <!-- exercise_1 -->
      </class> <!-- ApplaudoQaAutomationTrainee.Maven.java.homework0401 -->
    </test> <!-- Default test -->
  </suite> <!-- Default suite -->
</testng-results>
