<?xml version="1.0" encoding="UTF-8"?>
<testng-results ignored="0" total="2" passed="2" failed="0" skipped="0">
  <reporter-output>
  </reporter-output>
  <suite started-at="2022-09-25T13:10:33 ART" name="Default suite" finished-at="2022-09-25T13:11:37 ART" duration-ms="63330">
    <groups>
    </groups>
    <test started-at="2022-09-25T13:10:33 ART" name="Default test" finished-at="2022-09-25T13:11:37 ART" duration-ms="63330">
      <class name="ApplaudoQaAutomationTrainee.Maven.java.homework0401">
        <test-method signature="exercise_1()[pri:0, instance:ApplaudoQaAutomationTrainee.Maven.java.homework0401@47987356]" started-at="2022-09-25T13:10:33 ART" name="exercise_1" finished-at="2022-09-25T13:11:19 ART" duration-ms="45982" status="PASS">
          <reporter-output>
          </reporter-output>
        </test-method> <!-- exercise_1 -->
        <test-method signature="exercise_2()[pri:0, instance:ApplaudoQaAutomationTrainee.Maven.java.homework0401@47987356]" started-at="2022-09-25T13:11:19 ART" name="exercise_2" finished-at="2022-09-25T13:11:37 ART" duration-ms="17254" status="PASS">
          <reporter-output>
          </reporter-output>
        </test-method> <!-- exercise_2 -->
      </class> <!-- ApplaudoQaAutomationTrainee.Maven.java.homework0401 -->
    </test> <!-- Default test -->
  </suite> <!-- Default suite -->
</testng-results>
