<?xml version="1.0" encoding="UTF-8"?>
<!-- Generated by org.testng.reporters.JUnitXMLReporter -->
<testsuite ignored="0" hostname="DESKTOP-092J5ON" failures="0" tests="2" name="Default test" time="63.33" errors="0" timestamp="2022-09-25T13:11:37 ART">
  <testcase classname="ApplaudoQaAutomationTrainee.Maven.java.homework0401" name="exercise_1" time="45.982"/>
  <testcase classname="ApplaudoQaAutomationTrainee.Maven.java.homework0401" name="exercise_2" time="17.254"/>
</testsuite> <!-- Default test -->
